
Mar 06, 2024 22:28:14.52 NEW SESSION
Mar 06, 2024 22:28:18.28 ATTENTION: default value of option mesa_glthread overridden by environment.
Mar 06, 2024 22:28:18.28 ATTENTION: default value of option mesa_glthread overridden by environment.
Mar 06, 2024 22:28:18.36 ATTENTION: default value of option mesa_glthread overridden by environment.
Mar 06, 2024 22:28:18.36 ATTENTION: default value of option mesa_glthread overridden by environment.
Mar 06, 2024 22:28:22.66 ATTENTION: default value of option mesa_glthread overridden by environment.
Mar 06, 2024 22:28:22.69 ATTENTION: default value of option mesa_glthread overridden by environment.
Mar 06, 2024 22:28:22.79 ATTENTION: default value of option mesa_glthread overridden by environment.
Mar 06, 2024 22:28:22.94 ATTENTION: default value of option mesa_glthread overridden by environment.
Mar 06, 2024 22:28:36.01 [2024-03-06T16:58:36Z ERROR glean_core::metrics::ping] Invalid reason code startup for ping background-update
Mar 06, 2024 22:28:36.27 [GFX1-]: Unrecognized feature ACCELERATED_CANVAS2D
Mar 06, 2024 22:29:06.32 [2024-03-06T16:59:06Z ERROR viaduct::backend::ffi] Missing HTTP status
Mar 06, 2024 22:29:06.46 [2024-03-06T16:59:06Z ERROR viaduct::backend::ffi] Missing HTTP status
Mar 06, 2024 22:29:08.03 [2024-03-06T16:59:08Z ERROR viaduct::backend::ffi] Missing HTTP status
Mar 06, 2024 22:29:08.04 [2024-03-06T16:59:08Z ERROR viaduct::backend::ffi] Missing HTTP status
Mar 06, 2024 22:29:08.04 [2024-03-06T16:59:08Z ERROR viaduct::backend::ffi] Missing HTTP status

Mar 13, 2024 13:06:49.11 NEW SESSION
Mar 13, 2024 13:06:49.26 ATTENTION: default value of option mesa_glthread overridden by environment.
Mar 13, 2024 13:06:49.29 ATTENTION: default value of option mesa_glthread overridden by environment.
Mar 13, 2024 13:06:49.41 ATTENTION: default value of option mesa_glthread overridden by environment.
Mar 13, 2024 13:06:49.77 ATTENTION: default value of option mesa_glthread overridden by environment.
Mar 13, 2024 13:06:57.39 ATTENTION: default value of option mesa_glthread overridden by environment.
Mar 13, 2024 13:06:57.42 ATTENTION: default value of option mesa_glthread overridden by environment.
Mar 13, 2024 13:06:57.50 ATTENTION: default value of option mesa_glthread overridden by environment.
Mar 13, 2024 13:06:57.63 ATTENTION: default value of option mesa_glthread overridden by environment.
Mar 13, 2024 13:07:14.08 [2024-03-13T07:37:14Z ERROR glean_core::metrics::ping] Invalid reason code startup for ping background-update
Mar 13, 2024 13:07:14.21 [GFX1-]: Unrecognized feature ACCELERATED_CANVAS2D
Mar 13, 2024 16:33:42.73 [2024-03-13T11:03:42Z ERROR viaduct::backend::ffi] Missing HTTP status
Mar 13, 2024 16:33:44.88 [2024-03-13T11:03:44Z ERROR viaduct::backend::ffi] Missing HTTP status
Mar 13, 2024 16:33:44.89 [2024-03-13T11:03:44Z ERROR viaduct::backend::ffi] Missing HTTP status
Mar 13, 2024 16:33:44.90 [2024-03-13T11:03:44Z ERROR viaduct::backend::ffi] Missing HTTP status

Mar 13, 2024 21:08:28.62 NEW SESSION
Mar 13, 2024 21:08:28.65 ATTENTION: default value of option mesa_glthread overridden by environment.
Mar 13, 2024 21:08:28.81 ATTENTION: default value of option mesa_glthread overridden by environment.
Mar 13, 2024 21:08:28.90 ATTENTION: default value of option mesa_glthread overridden by environment.
Mar 13, 2024 21:08:29.17 ATTENTION: default value of option mesa_glthread overridden by environment.
Mar 13, 2024 21:08:34.77 ATTENTION: default value of option mesa_glthread overridden by environment.
Mar 13, 2024 21:08:34.80 ATTENTION: default value of option mesa_glthread overridden by environment.
Mar 13, 2024 21:08:34.91 ATTENTION: default value of option mesa_glthread overridden by environment.
Mar 13, 2024 21:08:35.04 ATTENTION: default value of option mesa_glthread overridden by environment.
Mar 13, 2024 21:08:48.61 [GFX1-]: Unrecognized feature ACCELERATED_CANVAS2D
Mar 13, 2024 21:09:17.35 [2024-03-13T15:39:17Z ERROR viaduct::backend::ffi] Missing HTTP status
Mar 13, 2024 21:09:17.36 [2024-03-13T15:39:17Z ERROR viaduct::backend::ffi] Missing HTTP status
Mar 13, 2024 21:09:17.37 [2024-03-13T15:39:17Z ERROR viaduct::backend::ffi] Missing HTTP status

Mar 15, 2024 11:18:00.95 NEW SESSION
Mar 15, 2024 11:18:01.15 ATTENTION: default value of option mesa_glthread overridden by environment.
Mar 15, 2024 11:18:01.20 ATTENTION: default value of option mesa_glthread overridden by environment.
Mar 15, 2024 11:18:01.20 ATTENTION: default value of option mesa_glthread overridden by environment.
Mar 15, 2024 11:18:01.33 ATTENTION: default value of option mesa_glthread overridden by environment.
Mar 15, 2024 11:18:06.84 ATTENTION: default value of option mesa_glthread overridden by environment.
Mar 15, 2024 11:18:06.87 ATTENTION: default value of option mesa_glthread overridden by environment.
Mar 15, 2024 11:18:06.96 ATTENTION: default value of option mesa_glthread overridden by environment.
Mar 15, 2024 11:18:07.08 ATTENTION: default value of option mesa_glthread overridden by environment.
Mar 15, 2024 11:18:17.15 [2024-03-15T05:48:17Z ERROR glean_core::metrics::ping] Invalid reason code startup for ping background-update
Mar 15, 2024 11:18:17.61 [GFX1-]: Unrecognized feature ACCELERATED_CANVAS2D
Mar 15, 2024 11:29:44.32 [2024-03-15T05:59:44Z ERROR viaduct::backend::ffi] Missing HTTP status
Mar 15, 2024 11:29:44.42 [2024-03-15T05:59:44Z ERROR viaduct::backend::ffi] Missing HTTP status
Mar 15, 2024 11:29:45.87 [2024-03-15T05:59:45Z ERROR viaduct::backend::ffi] Missing HTTP status
Mar 15, 2024 11:29:45.88 [2024-03-15T05:59:45Z ERROR viaduct::backend::ffi] Missing HTTP status
Mar 15, 2024 11:29:45.88 [2024-03-15T05:59:45Z ERROR viaduct::backend::ffi] Missing HTTP status
Mar 15, 2024 11:42:00.41 ATTENTION: default value of option mesa_glthread overridden by environment.
Mar 15, 2024 11:42:00.57 ATTENTION: default value of option mesa_glthread overridden by environment.
Mar 15, 2024 11:42:00.70 ATTENTION: default value of option mesa_glthread overridden by environment.
Mar 15, 2024 11:42:00.89 ATTENTION: default value of option mesa_glthread overridden by environment.
Mar 15, 2024 11:42:06.04 ATTENTION: default value of option mesa_glthread overridden by environment.
Mar 15, 2024 11:42:06.08 ATTENTION: default value of option mesa_glthread overridden by environment.
Mar 15, 2024 11:42:06.16 ATTENTION: default value of option mesa_glthread overridden by environment.
Mar 15, 2024 11:42:06.27 ATTENTION: default value of option mesa_glthread overridden by environment.
Mar 15, 2024 11:42:16.13 [2024-03-15T06:12:16Z ERROR glean_core::metrics::ping] Invalid reason code startup for ping background-update
Mar 15, 2024 11:42:16.17 [GFX1-]: Unrecognized feature ACCELERATED_CANVAS2D

Mar 17, 2024 19:48:30.27 NEW SESSION
Mar 17, 2024 19:48:30.37 ATTENTION: default value of option mesa_glthread overridden by environment.
Mar 17, 2024 19:48:30.39 ATTENTION: default value of option mesa_glthread overridden by environment.
Mar 17, 2024 19:48:30.55 ATTENTION: default value of option mesa_glthread overridden by environment.
Mar 17, 2024 19:48:30.92 ATTENTION: default value of option mesa_glthread overridden by environment.
Mar 17, 2024 19:48:37.38 ATTENTION: default value of option mesa_glthread overridden by environment.
Mar 17, 2024 19:48:37.41 ATTENTION: default value of option mesa_glthread overridden by environment.
Mar 17, 2024 19:48:37.51 ATTENTION: default value of option mesa_glthread overridden by environment.
Mar 17, 2024 19:48:37.63 ATTENTION: default value of option mesa_glthread overridden by environment.
Mar 17, 2024 19:48:53.04 [GFX1-]: Unrecognized feature ACCELERATED_CANVAS2D
Mar 17, 2024 19:48:54.13 [2024-03-17T14:18:54Z ERROR glean_core::metrics::ping] Invalid reason code startup for ping background-update
Mar 17, 2024 19:57:39.30 [2024-03-17T14:27:39Z ERROR viaduct::backend::ffi] Missing HTTP status
Mar 17, 2024 19:57:39.36 [2024-03-17T14:27:39Z ERROR viaduct::backend::ffi] Missing HTTP status
Mar 17, 2024 19:57:40.88 [2024-03-17T14:27:40Z ERROR viaduct::backend::ffi] Missing HTTP status
Mar 17, 2024 19:57:40.88 [2024-03-17T14:27:40Z ERROR viaduct::backend::ffi] Missing HTTP status
Mar 17, 2024 19:57:40.88 [2024-03-17T14:27:40Z ERROR viaduct::backend::ffi] Missing HTTP status
Mar 17, 2024 20:03:38.49 ATTENTION: default value of option mesa_glthread overridden by environment.
Mar 17, 2024 20:03:38.52 ATTENTION: default value of option mesa_glthread overridden by environment.
Mar 17, 2024 20:03:38.60 ATTENTION: default value of option mesa_glthread overridden by environment.
Mar 17, 2024 20:03:38.71 ATTENTION: default value of option mesa_glthread overridden by environment.
Mar 17, 2024 20:03:43.32 ATTENTION: default value of option mesa_glthread overridden by environment.
Mar 17, 2024 20:03:43.37 ATTENTION: default value of option mesa_glthread overridden by environment.
Mar 17, 2024 20:03:43.45 ATTENTION: default value of option mesa_glthread overridden by environment.
Mar 17, 2024 20:03:43.56 ATTENTION: default value of option mesa_glthread overridden by environment.
Mar 17, 2024 20:03:46.39 [GFX1-]: Unrecognized feature ACCELERATED_CANVAS2D
Mar 17, 2024 20:03:46.52 [2024-03-17T14:33:46Z ERROR glean_core::metrics::ping] Invalid reason code startup for ping background-update
Mar 17, 2024 22:07:01.97 [2024-03-17T16:37:01Z ERROR viaduct::backend::ffi] Missing HTTP status
Mar 17, 2024 22:07:02.20 [2024-03-17T16:37:02Z ERROR viaduct::backend::ffi] Missing HTTP status
Mar 17, 2024 22:07:11.67 [2024-03-17T16:37:11Z ERROR viaduct::backend::ffi] Missing HTTP status
Mar 17, 2024 22:07:13.24 [2024-03-17T16:37:11Z ERROR viaduct::backend::ffi] Missing HTTP status
Mar 17, 2024 22:07:13.24 [2024-03-17T16:37:11Z ERROR viaduct::backend::ffi] Missing HTTP status
